<?xml version="1.0" encoding="UTF-8"?>
<!-- Generated by org.testng.reporters.JUnitReportReporter -->
<testsuite hostname="DESKTOP-ASR8RJ6" failures="0" tests="1" name="ui.VerifyTitleandTextTest" time="7.139" errors="0" timestamp="2024-04-17T21:16:48 IST" skipped="0">
  <testcase classname="ui.VerifyTitleandTextTest" name="titleTest" time="7.139"/>
</testsuite> <!-- ui.VerifyTitleandTextTest -->
