<?xml version="1.0" encoding="UTF-8"?>
<!-- Generated by org.testng.reporters.JUnitReportReporter -->
<testsuite hostname="DESKTOP-ASR8RJ6" failures="0" tests="4" name="ui.GroupDemoTest" time="0.010" errors="0" timestamp="2024-04-13T13:58:26 IST" skipped="0">
  <testcase classname="ui.GroupDemoTest" name="aTest3" time="0.001"/>
  <testcase classname="ui.GroupDemoTest" name="aTest2" time="0.005"/>
  <testcase classname="ui.GroupDemoTest" name="aTest1" time="0.003"/>
  <testcase classname="ui.GroupDemoTest" name="aTest4" time="0.001"/>
</testsuite> <!-- ui.GroupDemoTest -->
