<?xml version="1.0" encoding="UTF-8"?>
<!-- Generated by org.testng.reporters.JUnitReportReporter -->
<testsuite hostname="DESKTOP-ASR8RJ6" failures="0" tests="2" name="ui.LoginTest" time="0.011" errors="0" timestamp="2024-04-17T21:16:24 IST" skipped="0">
  <testcase classname="ui.LoginTest" name="bloginTest" time="0.008"/>
  <testcase classname="ui.LoginTest" name="alogOut" time="0.003"/>
</testsuite> <!-- ui.LoginTest -->
