<?xml version="1.0" encoding="UTF-8"?>
<!-- Generated by org.testng.reporters.JUnitReportReporter -->
<testsuite hostname="DESKTOP-ASR8RJ6" failures="0" tests="8" name="ui.DataProviderDemoTest" time="0.027" errors="0" timestamp="2024-04-13T14:17:02 IST" skipped="0">
  <testcase classname="ui.DataProviderDemoTest" name="test" time="0.003"/>
  <testcase classname="ui.DataProviderDemoTest" name="test" time="0.001"/>
  <testcase classname="ui.DataProviderDemoTest" name="test" time="0.002"/>
  <testcase classname="ui.DataProviderDemoTest" name="test" time="0.002"/>
  <testcase classname="ui.DataProviderDemoTest" name="test" time="0.002"/>
  <testcase classname="ui.DataProviderDemoTest" name="test" time="0.002"/>
  <testcase classname="ui.DataProviderDemoTest" name="test" time="0.013"/>
  <testcase classname="ui.DataProviderDemoTest" name="test" time="0.002"/>
</testsuite> <!-- ui.DataProviderDemoTest -->
