<?xml version="1.0" encoding="UTF-8"?>
<!-- Generated by org.testng.reporters.JUnitReportReporter -->
<testsuite hostname="DESKTOP-ASR8RJ6" failures="0" tests="4" name="ui.ReportsTest" time="0.035" errors="0" timestamp="2024-04-13T15:51:50 IST" skipped="0">
  <testcase classname="ui.ReportsTest" name="reporterTest2" time="0.004"/>
  <testcase classname="ui.ReportsTest" name="reporterTest3" time="0.001"/>
  <testcase classname="ui.ReportsTest" name="reporterTest1" time="0.022">
    <system-out>
      <![CDATA[This is test1]]>
    </system-out>
  </testcase> <!-- reporterTest1 -->
  <testcase classname="ui.ReportsTest" name="reporterTest4" time="0.008"/>
  <system-out>
    <![CDATA[This is test1]]>
  </system-out>
</testsuite> <!-- ui.ReportsTest -->
